<?xml version="1.0" encoding="UTF-8"?>
<!-- Generated by org.testng.reporters.JUnitXMLReporter -->
<testsuite ignored="0" hostname="LAPTOP-N9VAP4GL" failures="0" tests="3" name="Edge Test" time="0.52" errors="0" timestamp="2023-04-08T16:06:30 IST">
  <testcase classname="com.herokuapp.theinternet.LamdaTest" name="@BeforeMethod setDriver" time="0.466">
    <failure type="java.lang.IllegalArgumentException" message="Capabilities must be set">
      <![CDATA[java.lang.IllegalArgumentException: Capabilities must be set
at org.openqa.selenium.internal.Require.nonNull(Require.java:59)
at org.openqa.selenium.remote.RemoteWebDriver.<init>(RemoteWebDriver.java:140)
at com.herokuapp.theinternet.LamdaTest.setDriver(LamdaTest.java:53)
at java.base/java.util.ArrayList.forEach(ArrayList.java:1511)
at java.base/java.util.concurrent.FutureTask.run(FutureTask.java:264)
at java.base/java.util.concurrent.ThreadPoolExecutor.runWorker(ThreadPoolExecutor.java:1136)
at java.base/java.util.concurrent.ThreadPoolExecutor$Worker.run(ThreadPoolExecutor.java:635)
at java.base/java.lang.Thread.run(Thread.java:833)
... Removed 21 stack frames]]>
    </failure>
  </testcase> <!-- @BeforeMethod setDriver -->
  <testcase classname="com.herokuapp.theinternet.LamdaTest" name="@BeforeMethod setDriver" time="0.0">
    <skipped/>
  </testcase> <!-- @BeforeMethod setDriver -->
  <testcase classname="com.herokuapp.theinternet.LamdaTest" name="@BeforeMethod setDriver" time="0.0">
    <skipped/>
  </testcase> <!-- @BeforeMethod setDriver -->
  <testcase classname="com.herokuapp.theinternet.LamdaTest" name="scenario1" time="0.001">
    <skipped/>
  </testcase> <!-- scenario1 -->
  <testcase classname="com.herokuapp.theinternet.LamdaTest" name="scenario2" time="0.0">
    <skipped/>
  </testcase> <!-- scenario2 -->
  <testcase classname="com.herokuapp.theinternet.LamdaTest" name="scenario3" time="0.0">
    <skipped/>
  </testcase> <!-- scenario3 -->
</testsuite> <!-- Edge Test -->
