<?xml version="1.0" encoding="UTF-8"?>
<!-- Generated by org.testng.reporters.JUnitXMLReporter -->
<testsuite ignored="0" hostname="LAPTOP-N9VAP4GL" failures="0" tests="3" name="Test" time="0.062" errors="0" timestamp="2023-04-08T16:04:07 IST">
  <testcase classname="com.herokuapp.theinternet.LamdaTest" name="@BeforeMethod setDriver" time="-1.68095004761E9">
    <failure type="org.testng.TestNGException" message="
Parameter &amp;apos;browser&amp;apos; is required by BeforeMethod on method setDriver but has not been marked @Optional or defined
in C:\Users\Sumanth Borra\eclipse-workspace\the-selenium-for-beginners\testng.xml">
      <![CDATA[org.testng.TestNGException: 
Parameter 'browser' is required by BeforeMethod on method setDriver but has not been marked @Optional or defined
in C:\Users\Sumanth Borra\eclipse-workspace\the-selenium-for-beginners\testng.xml
at java.base/java.util.ArrayList.forEach(ArrayList.java:1511)
at java.base/java.util.concurrent.FutureTask.run(FutureTask.java:264)
at java.base/java.util.concurrent.ThreadPoolExecutor.runWorker(ThreadPoolExecutor.java:1136)
at java.base/java.util.concurrent.ThreadPoolExecutor$Worker.run(ThreadPoolExecutor.java:635)
at java.base/java.lang.Thread.run(Thread.java:833)
... Removed 18 stack frames]]>
    </failure>
  </testcase> <!-- @BeforeMethod setDriver -->
  <testcase classname="com.herokuapp.theinternet.LamdaTest" name="@BeforeMethod setDriver" time="0.0">
    <skipped/>
  </testcase> <!-- @BeforeMethod setDriver -->
  <testcase classname="com.herokuapp.theinternet.LamdaTest" name="@BeforeMethod setDriver" time="0.0">
    <skipped/>
  </testcase> <!-- @BeforeMethod setDriver -->
  <testcase classname="com.herokuapp.theinternet.LamdaTest" name="scenario1" time="0.001">
    <skipped/>
  </testcase> <!-- scenario1 -->
  <testcase classname="com.herokuapp.theinternet.LamdaTest" name="scenario2" time="0.0">
    <skipped/>
  </testcase> <!-- scenario2 -->
  <testcase classname="com.herokuapp.theinternet.LamdaTest" name="scenario3" time="0.0">
    <skipped/>
  </testcase> <!-- scenario3 -->
</testsuite> <!-- Test -->
